--- Detailed Diagnostic Start ---
Testing import: app.core.config...
OK: Successfully imported app.core.config
Testing import: app.db.session...
OK: Successfully imported app.db.session
Testing import: app.models.database...
OK: Successfully imported app.models.database
Testing import: app.schemas.base...
OK: Successfully imported app.schemas.base
Testing import: app.schemas.models...
OK: Successfully imported app.schemas.models
Testing import: app.api.deps...
OK: Successfully imported app.api.deps
Testing import: app.services.semantic_search_service...
OK: Successfully imported app.services.semantic_search_service
Testing import: app.api.api_v1.api...
python : C:\Users\Prajw\Ap
pData\Roaming\Python\Pytho
n314\site-packages\confect
ion\__init__.py:38: 
UserWarning: Core 
Pydantic V1 functionality 
isn't compatible with 
Python 3.14 or greater.
At line:1 char:13
+ chcp 65001; python 
debug_pydantic.py > 
debug_output_ascii_v2.txt 
2>&1
+             ~~~~~~~~~~~~
~~~~~~~~~~~~~~~~~~~~~~~~~~
~~~~~~~~~~~~~~~~~~~
    + CategoryInfo        
      : NotSpecified: (C  
  :\Users\Prajw\....14    
 or greater.:String) [    
], RemoteException
    + FullyQualifiedError 
   Id : NativeCommandErr  
  or
 
  from pydantic.v1 import 
BaseModel, Extra, 
ValidationError, 
create_model
ERROR: in app.api.api_v1.api: ConfigError: unable to infer type for attribute "REGEX"
Traceback (most recent call last):
  File "C:\Users\Prajw\SampleSmart\backend\debug_pydantic.py", line 26, in <module>
    __import__(module_name)
    ~~~~~~~~~~^^^^^^^^^^^^^
  File "C:\Users\Prajw\SampleSmart\backend\app\api\api_v1\api.py", line 2, in <module>
    from app.api.api_v1.endpoints import projects, media, processing, timeline, export, script, intelligence, training, search
  File "C:\Users\Prajw\SampleSmart\backend\app\api\api_v1\endpoints\processing.py", line 2, in <module>
    from app.services.orchestrator import orchestrator
  File "C:\Users\Prajw\SampleSmart\backend\app\services\orchestrator.py", line 10, in <module>
    from app.services.nlp_service import nlp_service
  File "C:\Users\Prajw\SampleSmart\backend\app\services\nlp_service.py", line 8, in <module>
    import spacy
  File "C:\Users\Prajw\AppData\Roaming\Python\Python314\site-packages\spacy\__init__.py", line 13, in <module>
    from . import pipeline  # noqa: F401
    ^^^^^^^^^^^^^^^^^^^^^^
  File "C:\Users\Prajw\AppData\Roaming\Python\Python314\site-packages\spacy\pipeline\__init__.py", line 1, in <module>
    from .attributeruler import AttributeRuler
  File "C:\Users\Prajw\AppData\Roaming\Python\Python314\site-packages\spacy\pipeline\attributeruler.py", line 10, in <module>
    from ..language import Language
  File "C:\Users\Prajw\AppData\Roaming\Python\Python314\site-packages\spacy\language.py", line 46, in <module>
    from .pipe_analysis import analyze_pipes, print_pipe_analysis, validate_attrs
  File "C:\Users\Prajw\AppData\Roaming\Python\Python314\site-packages\spacy\pipe_analysis.py", line 6, in <module>
    from .tokens import Doc, Span, Token
  File "C:\Users\Prajw\AppData\Roaming\Python\Python314\site-packages\spacy\tokens\__init__.py", line 1, in <module>
    from ._serialize import DocBin
  File "C:\Users\Prajw\AppData\Roaming\Python\Python314\site-packages\spacy\tokens\_serialize.py", line 14, in <module>
    from ..vocab import Vocab
  File "spacy/vocab.pyx", line 1, in init spacy.vocab
  File "spacy/tokens/doc.pyx", line 49, in init spacy.tokens.doc
  File "C:\Users\Prajw\AppData\Roaming\Python\Python314\site-packages\spacy\schemas.py", line 195, in <module>
    class TokenPatternString(BaseModel):
    ...<43 lines>...
            return v
  File "C:\Users\Prajw\AppData\Roaming\Python\Python314\site-packages\pydantic\v1\main.py", line 221, in __new__
    inferred = ModelField.infer(
        name=var_name,
    ...<3 lines>...
        config=config,
    )
  File "C:\Users\Prajw\AppData\Roaming\Python\Python314\site-packages\pydantic\v1\fields.py", line 504, in infer
    return cls(
        name=name,
    ...<7 lines>...
        field_info=field_info,
    )
  File "C:\Users\Prajw\AppData\Roaming\Python\Python314\site-packages\pydantic\v1\fields.py", line 434, in __init__
    self.prepare()
    ~~~~~~~~~~~~^^
  File "C:\Users\Prajw\AppData\Roaming\Python\Python314\site-packages\pydantic\v1\fields.py", line 544, in prepare
    self._set_default_and_type()
    ~~~~~~~~~~~~~~~~~~~~~~~~~~^^
  File "C:\Users\Prajw\AppData\Roaming\Python\Python314\site-packages\pydantic\v1\fields.py", line 576, in _set_default_and_type
    raise errors_.ConfigError(f'unable to infer type for attribute "{self.name}"')
pydantic.v1.errors.ConfigError: unable to infer type for attribute "REGEX"

----------------------------------------
Testing import: app.main...
ERROR: in app.main: ConfigError: unable to infer type for attribute "REGEX"
Traceback (most recent call last):
  File "C:\Users\Prajw\SampleSmart\backend\debug_pydantic.py", line 26, in <module>
    __import__(module_name)
    ~~~~~~~~~~^^^^^^^^^^^^^
  File "C:\Users\Prajw\SampleSmart\backend\app\main.py", line 5, in <module>
    from app.api.api_v1.api import api_router
  File "C:\Users\Prajw\SampleSmart\backend\app\api\api_v1\api.py", line 2, in <module>
    from app.api.api_v1.endpoints import projects, media, processing, timeline, export, script, intelligence, training, search
  File "C:\Users\Prajw\SampleSmart\backend\app\api\api_v1\endpoints\processing.py", line 2, in <module>
    from app.services.orchestrator import orchestrator
  File "C:\Users\Prajw\SampleSmart\backend\app\services\orchestrator.py", line 10, in <module>
    from app.services.nlp_service import nlp_service
  File "C:\Users\Prajw\SampleSmart\backend\app\services\nlp_service.py", line 8, in <module>
    import spacy
  File "C:\Users\Prajw\AppData\Roaming\Python\Python314\site-packages\spacy\__init__.py", line 13, in <module>
    from . import pipeline  # noqa: F401
    ^^^^^^^^^^^^^^^^^^^^^^
  File "C:\Users\Prajw\AppData\Roaming\Python\Python314\site-packages\spacy\pipeline\__init__.py", line 1, in <module>
    from .attributeruler import AttributeRuler
  File "C:\Users\Prajw\AppData\Roaming\Python\Python314\site-packages\spacy\pipeline\attributeruler.py", line 10, in <module>
    from ..language import Language
  File "C:\Users\Prajw\AppData\Roaming\Python\Python314\site-packages\spacy\language.py", line 46, in <module>
    from .pipe_analysis import analyze_pipes, print_pipe_analysis, validate_attrs
  File "C:\Users\Prajw\AppData\Roaming\Python\Python314\site-packages\spacy\pipe_analysis.py", line 6, in <module>
    from .tokens import Doc, Span, Token
  File "C:\Users\Prajw\AppData\Roaming\Python\Python314\site-packages\spacy\tokens\__init__.py", line 1, in <module>
    from ._serialize import DocBin
  File "C:\Users\Prajw\AppData\Roaming\Python\Python314\site-packages\spacy\tokens\_serialize.py", line 14, in <module>
    from ..vocab import Vocab
  File "spacy/vocab.pyx", line 1, in init spacy.vocab
  File "spacy/tokens/doc.pyx", line 49, in init spacy.tokens.doc
  File "C:\Users\Prajw\AppData\Roaming\Python\Python314\site-packages\spacy\schemas.py", line 195, in <module>
    class TokenPatternString(BaseModel):
    ...<43 lines>...
            return v
  File "C:\Users\Prajw\AppData\Roaming\Python\Python314\site-packages\pydantic\v1\main.py", line 221, in __new__
    inferred = ModelField.infer(
        name=var_name,
    ...<3 lines>...
        config=config,
    )
  File "C:\Users\Prajw\AppData\Roaming\Python\Python314\site-packages\pydantic\v1\fields.py", line 504, in infer
    return cls(
        name=name,
    ...<7 lines>...
        field_info=field_info,
    )
  File "C:\Users\Prajw\AppData\Roaming\Python\Python314\site-packages\pydantic\v1\fields.py", line 434, in __init__
    self.prepare()
    ~~~~~~~~~~~~^^
  File "C:\Users\Prajw\AppData\Roaming\Python\Python314\site-packages\pydantic\v1\fields.py", line 544, in prepare
    self._set_default_and_type()
    ~~~~~~~~~~~~~~~~~~~~~~~~~~^^
  File "C:\Users\Prajw\AppData\Roaming\Python\Python314\site-packages\pydantic\v1\fields.py", line 576, in _set_default_and_type
    raise errors_.ConfigError(f'unable to infer type for attribute "{self.name}"')
pydantic.v1.errors.ConfigError: unable to infer type for attribute "REGEX"

----------------------------------------
--- Detailed Diagnostic End ---
